<?xml version="1.0" encoding="UTF-8"?>
<!-- Generated by org.testng.reporters.JUnitReportReporter -->
<testsuite hostname="DESKTOP-L6FTIVI" failures="0" tests="1" name="noobie.Lesson1" time="32.915" errors="0" timestamp="2024-05-22T02:11:10 IST" skipped="0">
  <testcase classname="noobie.Lesson1" name="openBrowser" time="32.915"/>
  <system-out/>
</testsuite> <!-- noobie.Lesson1 -->
